# JRE version: Java(TM) SE Runtime Environment (17.0.1+12) (build 17.0.1+12-LTS-39)
# Java VM: Java HotSpot(TM) 64-Bit Server VM (17.0.1+12-LTS-39, mixed mode, sharing, tiered, compressed oops, compressed class ptrs, g1 gc, windows-amd64)
GC Precious Log:
 CPUs: 4 total, 4 available
 Memory: 16301M
 Large Page Support: Disabled
 NUMA Support: Disabled
 Compressed Oops: Enabled (Zero based)
 Heap Region Size: 2M
 Heap Min Capacity: 8M
 Heap Initial Capacity: 256M
 Heap Max Capacity: 4076M
 Pre-touch: Disabled
 Parallel Workers: 4
 Concurrent Workers: 1
 Concurrent Refinement Workers: 4
 Periodic GC: Disabled
Heap:
 garbage-first heap   total 264192K, used 171291K [0x0000000701400000, 0x0000000800000000)
  region size 2048K, 15 young (30720K), 3 survivors (6144K)
 Metaspace       used 23084K, committed 23424K, reserved 1073152K
  class space    used 2829K, committed 3008K, reserved 1048576K
GC Heap History (20 events):
Event: 4.248 GC heap before
{Heap before GC invocations=7 (full 0):
 garbage-first heap   total 43008K, used 24580K [0x0000000701400000, 0x0000000800000000)
  region size 2048K, 4 young (8192K), 1 survivors (2048K)
 Metaspace       used 23078K, committed 23424K, reserved 1073152K
  class space    used 2828K, committed 3008K, reserved 1048576K
}
Event: 4.249 GC heap after
{Heap after GC invocations=8 (full 0):
 garbage-first heap   total 43008K, used 22753K [0x0000000701400000, 0x0000000800000000)
  region size 2048K, 1 young (2048K), 1 survivors (2048K)
 Metaspace       used 23078K, committed 23424K, reserved 1073152K
  class space    used 2828K, committed 3008K, reserved 1048576K
}
Event: 4.261 GC heap before
{Heap before GC invocations=8 (full 0):
 garbage-first heap   total 43008K, used 26849K [0x0000000701400000, 0x0000000800000000)
  region size 2048K, 3 young (6144K), 1 survivors (2048K)
 Metaspace       used 23078K, committed 23424K, reserved 1073152K
  class space    used 2828K, committed 3008K, reserved 1048576K
}
Event: 4.262 GC heap after
{Heap after GC invocations=9 (full 0):
 garbage-first heap   total 43008K, used 25668K [0x0000000701400000, 0x0000000800000000)
  region size 2048K, 1 young (2048K), 1 survivors (2048K)
 Metaspace       used 23078K, committed 23424K, reserved 1073152K
  class space    used 2828K, committed 3008K, reserved 1048576K
}
Event: 4.269 GC heap before
{Heap before GC invocations=9 (full 0):
 garbage-first heap   total 43008K, used 27716K [0x0000000701400000, 0x0000000800000000)
  region size 2048K, 2 young (4096K), 1 survivors (2048K)
 Metaspace       used 23078K, committed 23424K, reserved 1073152K
  class space    used 2828K, committed 3008K, reserved 1048576K
}
Event: 4.271 GC heap after
{Heap after GC invocations=10 (full 0):
 garbage-first heap   total 153600K, used 27294K [0x0000000701400000, 0x0000000800000000)
  region size 2048K, 1 young (2048K), 1 survivors (2048K)
 Metaspace       used 23078K, committed 23424K, reserved 1073152K
  class space    used 2828K, committed 3008K, reserved 1048576K
}
Event: 4.384 GC heap before
{Heap before GC invocations=11 (full 0):
 garbage-first heap   total 122880K, used 74398K [0x0000000701400000, 0x0000000800000000)
  region size 2048K, 24 young (49152K), 1 survivors (2048K)
 Metaspace       used 23081K, committed 23424K, reserved 1073152K
  class space    used 2829K, committed 3008K, reserved 1048576K
}
Event: 4.392 GC heap after
{Heap after GC invocations=12 (full 0):
 garbage-first heap   total 122880K, used 58983K [0x0000000701400000, 0x0000000800000000)
  region size 2048K, 3 young (6144K), 3 survivors (6144K)
 Metaspace       used 23081K, committed 23424K, reserved 1073152K
  class space    used 2829K, committed 3008K, reserved 1048576K
}
Event: 4.430 GC heap before
{Heap before GC invocations=12 (full 0):
 garbage-first heap   total 122880K, used 77415K [0x0000000701400000, 0x0000000800000000)
  region size 2048K, 12 young (24576K), 3 survivors (6144K)
 Metaspace       used 23081K, committed 23424K, reserved 1073152K
  class space    used 2829K, committed 3008K, reserved 1048576K
}
Event: 4.434 GC heap after
{Heap after GC invocations=13 (full 0):
 garbage-first heap   total 122880K, used 72978K [0x0000000701400000, 0x0000000800000000)
  region size 2048K, 2 young (4096K), 2 survivors (4096K)
 Metaspace       used 23081K, committed 23424K, reserved 1073152K
  class space    used 2829K, committed 3008K, reserved 1048576K
}
Event: 4.453 GC heap before
{Heap before GC invocations=13 (full 0):
 garbage-first heap   total 122880K, used 85266K [0x0000000701400000, 0x0000000800000000)
  region size 2048K, 8 young (16384K), 2 survivors (4096K)
 Metaspace       used 23082K, committed 23424K, reserved 1073152K
  class space    used 2829K, committed 3008K, reserved 1048576K
}
Event: 4.456 GC heap after
{Heap after GC invocations=14 (full 0):
 garbage-first heap   total 122880K, used 81964K [0x0000000701400000, 0x0000000800000000)
  region size 2048K, 1 young (2048K), 1 survivors (2048K)
 Metaspace       used 23082K, committed 23424K, reserved 1073152K
  class space    used 2829K, committed 3008K, reserved 1048576K
}
Event: 4.471 GC heap before
{Heap before GC invocations=14 (full 0):
 garbage-first heap   total 122880K, used 90156K [0x0000000701400000, 0x0000000800000000)
  region size 2048K, 5 young (10240K), 1 survivors (2048K)
 Metaspace       used 23082K, committed 23424K, reserved 1073152K
  class space    used 2829K, committed 3008K, reserved 1048576K
}
Event: 4.473 GC heap after
{Heap after GC invocations=15 (full 0):
 garbage-first heap   total 122880K, used 88466K [0x0000000701400000, 0x0000000800000000)
  region size 2048K, 1 young (2048K), 1 survivors (2048K)
 Metaspace       used 23082K, committed 23424K, reserved 1073152K
  class space    used 2829K, committed 3008K, reserved 1048576K
}
Event: 4.486 GC heap before
{Heap before GC invocations=15 (full 0):
 garbage-first heap   total 122880K, used 94610K [0x0000000701400000, 0x0000000800000000)
  region size 2048K, 4 young (8192K), 1 survivors (2048K)
 Metaspace       used 23082K, committed 23424K, reserved 1073152K
  class space    used 2829K, committed 3008K, reserved 1048576K
}
Event: 4.487 GC heap after
{Heap after GC invocations=16 (full 0):
 garbage-first heap   total 245760K, used 93150K [0x0000000701400000, 0x0000000800000000)
  region size 2048K, 1 young (2048K), 1 survivors (2048K)
 Metaspace       used 23082K, committed 23424K, reserved 1073152K
  class space    used 2829K, committed 3008K, reserved 1048576K
}
Event: 4.587 GC heap before
{Heap before GC invocations=17 (full 0):
 garbage-first heap   total 245760K, used 140254K [0x0000000701400000, 0x0000000800000000)
  region size 2048K, 24 young (49152K), 1 survivors (2048K)
 Metaspace       used 23082K, committed 23424K, reserved 1073152K
  class space    used 2829K, committed 3008K, reserved 1048576K
}
Event: 4.593 GC heap after
{Heap after GC invocations=18 (full 0):
 garbage-first heap   total 245760K, used 125109K [0x0000000701400000, 0x0000000800000000)
  region size 2048K, 3 young (6144K), 3 survivors (6144K)
 Metaspace       used 23082K, committed 23424K, reserved 1073152K
  class space    used 2829K, committed 3008K, reserved 1048576K
}
Event: 4.635 GC heap before
{Heap before GC invocations=18 (full 0):
 garbage-first heap   total 245760K, used 159925K [0x0000000701400000, 0x0000000800000000)
  region size 2048K, 20 young (40960K), 3 survivors (6144K)
 Metaspace       used 23082K, committed 23424K, reserved 1073152K
  class space    used 2829K, committed 3008K, reserved 1048576K
}
Event: 4.644 GC heap after
{Heap after GC invocations=19 (full 0):
 garbage-first heap   total 245760K, used 148763K [0x0000000701400000, 0x0000000800000000)
  region size 2048K, 3 young (6144K), 3 survivors (6144K)
 Metaspace       used 23082K, committed 23424K, reserved 1073152K
  class space    used 2829K, committed 3008K, reserved 1048576K
}

